{"C:\\Users\\lucas\\OneDrive\\Área de Trabalho\\Node\\Combustivel.js": {"path":"C:\\Users\\lucas\\OneDrive\\Área de Trabalho\\Node\\Combustivel.js","statementMap":{"0":{"start":{"line":2,"column":19},"end":{"line":2,"column":20}},"1":{"start":{"line":4,"column":4},"end":{"line":7,"column":5}},"2":{"start":{"line":5,"column":8},"end":{"line":5,"column":18}},"3":{"start":{"line":6,"column":8},"end":{"line":6,"column":61}},"4":{"start":{"line":9,"column":4},"end":{"line":12,"column":5}},"5":{"start":{"line":10,"column":8},"end":{"line":10,"column":18}},"6":{"start":{"line":11,"column":8},"end":{"line":11,"column":59}},"7":{"start":{"line":15,"column":4},"end":{"line":15,"column":35}},"8":{"start":{"line":18,"column":4},"end":{"line":21,"column":5}},"9":{"start":{"line":19,"column":8},"end":{"line":19,"column":50}},"10":{"start":{"line":20,"column":8},"end":{"line":20,"column":21}},"11":{"start":{"line":23,"column":4},"end":{"line":26,"column":5}},"12":{"start":{"line":24,"column":8},"end":{"line":24,"column":50}},"13":{"start":{"line":25,"column":8},"end":{"line":25,"column":21}},"14":{"start":{"line":34,"column":0},"end":{"line":34,"column":25}},"15":{"start":{"line":36,"column":0},"end":{"line":36,"column":27}}},"fnMap":{"0":{"name":"viagem","decl":{"start":{"line":1,"column":9},"end":{"line":1,"column":15}},"loc":{"start":{"line":1,"column":40},"end":{"line":29,"column":1}},"line":1}},"branchMap":{"0":{"loc":{"start":{"line":4,"column":4},"end":{"line":7,"column":5}},"type":"if","locations":[{"start":{"line":4,"column":4},"end":{"line":7,"column":5}},{"start":{},"end":{}}],"line":4},"1":{"loc":{"start":{"line":4,"column":8},"end":{"line":4,"column":60}},"type":"binary-expr","locations":[{"start":{"line":4,"column":8},"end":{"line":4,"column":33}},{"start":{"line":4,"column":37},"end":{"line":4,"column":60}}],"line":4},"2":{"loc":{"start":{"line":9,"column":4},"end":{"line":12,"column":5}},"type":"if","locations":[{"start":{"line":9,"column":4},"end":{"line":12,"column":5}},{"start":{},"end":{}}],"line":9},"3":{"loc":{"start":{"line":9,"column":8},"end":{"line":9,"column":53}},"type":"binary-expr","locations":[{"start":{"line":9,"column":8},"end":{"line":9,"column":21}},{"start":{"line":9,"column":25},"end":{"line":9,"column":53}}],"line":9},"4":{"loc":{"start":{"line":18,"column":4},"end":{"line":21,"column":5}},"type":"if","locations":[{"start":{"line":18,"column":4},"end":{"line":21,"column":5}},{"start":{},"end":{}}],"line":18},"5":{"loc":{"start":{"line":18,"column":8},"end":{"line":18,"column":50}},"type":"binary-expr","locations":[{"start":{"line":18,"column":8},"end":{"line":18,"column":33}},{"start":{"line":18,"column":37},"end":{"line":18,"column":50}}],"line":18},"6":{"loc":{"start":{"line":23,"column":4},"end":{"line":26,"column":5}},"type":"if","locations":[{"start":{"line":23,"column":4},"end":{"line":26,"column":5}},{"start":{},"end":{}}],"line":23},"7":{"loc":{"start":{"line":23,"column":8},"end":{"line":23,"column":48}},"type":"binary-expr","locations":[{"start":{"line":23,"column":8},"end":{"line":23,"column":31}},{"start":{"line":23,"column":35},"end":{"line":23,"column":48}}],"line":23}},"s":{"0":5,"1":5,"2":1,"3":1,"4":4,"5":1,"6":1,"7":3,"8":3,"9":2,"10":2,"11":1,"12":1,"13":1,"14":1,"15":1},"f":{"0":5},"b":{"0":[1,4],"1":[5,2],"2":[1,3],"3":[4,4],"4":[2,1],"5":[3,2],"6":[1,0],"7":[1,1]},"_coverageSchema":"1a1c01bbd47fc00a2c39e90264f33305004495a9","hash":"5871756002f8ab1095d7a3b45d1d20341c325741"}
,"C:\\Users\\lucas\\OneDrive\\Área de Trabalho\\Node\\Paradas.js": {"path":"C:\\Users\\lucas\\OneDrive\\Área de Trabalho\\Node\\Paradas.js","statementMap":{"0":{"start":{"line":2,"column":28},"end":{"line":2,"column":29}},"1":{"start":{"line":3,"column":4},"end":{"line":3,"column":31}},"2":{"start":{"line":7,"column":4},"end":{"line":10,"column":5}},"3":{"start":{"line":8,"column":8},"end":{"line":8,"column":18}},"4":{"start":{"line":9,"column":8},"end":{"line":9,"column":49}},"5":{"start":{"line":12,"column":22},"end":{"line":14,"column":6}},"6":{"start":{"line":13,"column":8},"end":{"line":13,"column":54}},"7":{"start":{"line":16,"column":4},"end":{"line":19,"column":5}},"8":{"start":{"line":17,"column":8},"end":{"line":17,"column":18}},"9":{"start":{"line":18,"column":8},"end":{"line":18,"column":37}},"10":{"start":{"line":21,"column":4},"end":{"line":24,"column":5}},"11":{"start":{"line":22,"column":8},"end":{"line":22,"column":18}},"12":{"start":{"line":23,"column":8},"end":{"line":23,"column":60}},"13":{"start":{"line":26,"column":4},"end":{"line":26,"column":34}},"14":{"start":{"line":29,"column":18},"end":{"line":31,"column":6}},"15":{"start":{"line":30,"column":8},"end":{"line":30,"column":33}},"16":{"start":{"line":33,"column":19},"end":{"line":35,"column":6}},"17":{"start":{"line":34,"column":8},"end":{"line":34,"column":34}},"18":{"start":{"line":41,"column":4},"end":{"line":44,"column":5}},"19":{"start":{"line":42,"column":8},"end":{"line":42,"column":38}},"20":{"start":{"line":43,"column":8},"end":{"line":43,"column":22}},"21":{"start":{"line":47,"column":4},"end":{"line":50,"column":5}},"22":{"start":{"line":48,"column":8},"end":{"line":48,"column":38}},"23":{"start":{"line":49,"column":8},"end":{"line":49,"column":22}},"24":{"start":{"line":53,"column":4},"end":{"line":56,"column":5}},"25":{"start":{"line":54,"column":8},"end":{"line":54,"column":38}},"26":{"start":{"line":55,"column":8},"end":{"line":55,"column":22}},"27":{"start":{"line":59,"column":4},"end":{"line":62,"column":5}},"28":{"start":{"line":60,"column":8},"end":{"line":60,"column":38}},"29":{"start":{"line":61,"column":8},"end":{"line":61,"column":22}},"30":{"start":{"line":69,"column":0},"end":{"line":69,"column":46}},"31":{"start":{"line":71,"column":0},"end":{"line":71,"column":35}}},"fnMap":{"0":{"name":"calcularParada","decl":{"start":{"line":1,"column":9},"end":{"line":1,"column":23}},"loc":{"start":{"line":1,"column":38},"end":{"line":64,"column":1}},"line":1},"1":{"name":"(anonymous_1)","decl":{"start":{"line":12,"column":35},"end":{"line":12,"column":36}},"loc":{"start":{"line":12,"column":51},"end":{"line":14,"column":5}},"line":12},"2":{"name":"(anonymous_2)","decl":{"start":{"line":29,"column":31},"end":{"line":29,"column":32}},"loc":{"start":{"line":29,"column":47},"end":{"line":31,"column":5}},"line":29},"3":{"name":"(anonymous_3)","decl":{"start":{"line":33,"column":32},"end":{"line":33,"column":33}},"loc":{"start":{"line":33,"column":48},"end":{"line":35,"column":5}},"line":33}},"branchMap":{"0":{"loc":{"start":{"line":7,"column":4},"end":{"line":10,"column":5}},"type":"if","locations":[{"start":{"line":7,"column":4},"end":{"line":10,"column":5}},{"start":{},"end":{}}],"line":7},"1":{"loc":{"start":{"line":13,"column":16},"end":{"line":13,"column":53}},"type":"binary-expr","locations":[{"start":{"line":13,"column":16},"end":{"line":13,"column":33}},{"start":{"line":13,"column":37},"end":{"line":13,"column":53}}],"line":13},"2":{"loc":{"start":{"line":16,"column":4},"end":{"line":19,"column":5}},"type":"if","locations":[{"start":{"line":16,"column":4},"end":{"line":19,"column":5}},{"start":{},"end":{}}],"line":16},"3":{"loc":{"start":{"line":21,"column":4},"end":{"line":24,"column":5}},"type":"if","locations":[{"start":{"line":21,"column":4},"end":{"line":24,"column":5}},{"start":{},"end":{}}],"line":21},"4":{"loc":{"start":{"line":21,"column":8},"end":{"line":21,"column":45}},"type":"binary-expr","locations":[{"start":{"line":21,"column":8},"end":{"line":21,"column":17}},{"start":{"line":21,"column":21},"end":{"line":21,"column":45}}],"line":21},"5":{"loc":{"start":{"line":41,"column":4},"end":{"line":44,"column":5}},"type":"if","locations":[{"start":{"line":41,"column":4},"end":{"line":44,"column":5}},{"start":{},"end":{}}],"line":41},"6":{"loc":{"start":{"line":41,"column":8},"end":{"line":41,"column":67}},"type":"binary-expr","locations":[{"start":{"line":41,"column":8},"end":{"line":41,"column":26}},{"start":{"line":41,"column":30},"end":{"line":41,"column":50}},{"start":{"line":41,"column":54},"end":{"line":41,"column":67}}],"line":41},"7":{"loc":{"start":{"line":47,"column":4},"end":{"line":50,"column":5}},"type":"if","locations":[{"start":{"line":47,"column":4},"end":{"line":50,"column":5}},{"start":{},"end":{}}],"line":47},"8":{"loc":{"start":{"line":47,"column":8},"end":{"line":47,"column":67}},"type":"binary-expr","locations":[{"start":{"line":47,"column":8},"end":{"line":47,"column":27}},{"start":{"line":47,"column":31},"end":{"line":47,"column":50}},{"start":{"line":47,"column":54},"end":{"line":47,"column":67}}],"line":47},"9":{"loc":{"start":{"line":53,"column":4},"end":{"line":56,"column":5}},"type":"if","locations":[{"start":{"line":53,"column":4},"end":{"line":56,"column":5}},{"start":{},"end":{}}],"line":53},"10":{"loc":{"start":{"line":53,"column":8},"end":{"line":53,"column":102}},"type":"binary-expr","locations":[{"start":{"line":53,"column":8},"end":{"line":53,"column":26}},{"start":{"line":53,"column":30},"end":{"line":53,"column":49}},{"start":{"line":53,"column":53},"end":{"line":53,"column":85}},{"start":{"line":53,"column":89},"end":{"line":53,"column":102}}],"line":53},"11":{"loc":{"start":{"line":59,"column":4},"end":{"line":62,"column":5}},"type":"if","locations":[{"start":{"line":59,"column":4},"end":{"line":62,"column":5}},{"start":{},"end":{}}],"line":59},"12":{"loc":{"start":{"line":59,"column":8},"end":{"line":59,"column":102}},"type":"binary-expr","locations":[{"start":{"line":59,"column":8},"end":{"line":59,"column":26}},{"start":{"line":59,"column":30},"end":{"line":59,"column":49}},{"start":{"line":59,"column":53},"end":{"line":59,"column":85}},{"start":{"line":59,"column":89},"end":{"line":59,"column":102}}],"line":59}},"s":{"0":8,"1":8,"2":8,"3":1,"4":1,"5":7,"6":14,"7":7,"8":2,"9":2,"10":5,"11":1,"12":1,"13":4,"14":4,"15":9,"16":4,"17":9,"18":4,"19":1,"20":1,"21":3,"22":1,"23":1,"24":2,"25":1,"26":1,"27":1,"28":1,"29":1,"30":1,"31":1},"f":{"0":8,"1":14,"2":9,"3":9},"b":{"0":[1,7],"1":[14,8],"2":[2,5],"3":[1,4],"4":[5,5],"5":[1,3],"6":[4,3,1],"7":[1,2],"8":[3,3,1],"9":[1,1],"10":[2,2,2,1],"11":[1,0],"12":[1,1,1,1]},"_coverageSchema":"1a1c01bbd47fc00a2c39e90264f33305004495a9","hash":"4ea35fec0a1880d5e8f558955e0cde280e9d31ef"}
,"C:\\Users\\lucas\\OneDrive\\Área de Trabalho\\Node\\Refeicoes.js": {"path":"C:\\Users\\lucas\\OneDrive\\Área de Trabalho\\Node\\Refeicoes.js","statementMap":{"0":{"start":{"line":2,"column":19},"end":{"line":2,"column":20}},"1":{"start":{"line":6,"column":4},"end":{"line":9,"column":5}},"2":{"start":{"line":7,"column":8},"end":{"line":7,"column":18}},"3":{"start":{"line":8,"column":8},"end":{"line":8,"column":49}},"4":{"start":{"line":11,"column":22},"end":{"line":15,"column":5}},"5":{"start":{"line":13,"column":12},"end":{"line":13,"column":58}},"6":{"start":{"line":17,"column":4},"end":{"line":20,"column":5}},"7":{"start":{"line":18,"column":8},"end":{"line":18,"column":18}},"8":{"start":{"line":19,"column":8},"end":{"line":19,"column":63}},"9":{"start":{"line":22,"column":4},"end":{"line":25,"column":5}},"10":{"start":{"line":23,"column":8},"end":{"line":23,"column":18}},"11":{"start":{"line":24,"column":8},"end":{"line":24,"column":62}},"12":{"start":{"line":28,"column":4},"end":{"line":28,"column":31}},"13":{"start":{"line":31,"column":24},"end":{"line":35,"column":5}},"14":{"start":{"line":33,"column":12},"end":{"line":33,"column":37}},"15":{"start":{"line":37,"column":24},"end":{"line":41,"column":5}},"16":{"start":{"line":39,"column":12},"end":{"line":39,"column":38}},"17":{"start":{"line":45,"column":4},"end":{"line":70,"column":5}},"18":{"start":{"line":46,"column":29},"end":{"line":46,"column":30}},"19":{"start":{"line":47,"column":8},"end":{"line":47,"column":51}},"20":{"start":{"line":48,"column":8},"end":{"line":48,"column":51}},"21":{"start":{"line":50,"column":8},"end":{"line":50,"column":17}},"22":{"start":{"line":51,"column":24},"end":{"line":51,"column":25}},"23":{"start":{"line":52,"column":8},"end":{"line":68,"column":9}},"24":{"start":{"line":54,"column":12},"end":{"line":57,"column":13}},"25":{"start":{"line":55,"column":16},"end":{"line":55,"column":59}},"26":{"start":{"line":56,"column":16},"end":{"line":56,"column":59}},"27":{"start":{"line":59,"column":12},"end":{"line":63,"column":13}},"28":{"start":{"line":60,"column":16},"end":{"line":60,"column":59}},"29":{"start":{"line":61,"column":16},"end":{"line":61,"column":59}},"30":{"start":{"line":62,"column":16},"end":{"line":62,"column":29}},"31":{"start":{"line":66,"column":12},"end":{"line":66,"column":23}},"32":{"start":{"line":67,"column":12},"end":{"line":67,"column":21}},"33":{"start":{"line":69,"column":8},"end":{"line":69,"column":29}},"34":{"start":{"line":77,"column":0},"end":{"line":77,"column":34}},"35":{"start":{"line":79,"column":0},"end":{"line":79,"column":30}}},"fnMap":{"0":{"name":"refeicoes","decl":{"start":{"line":1,"column":9},"end":{"line":1,"column":18}},"loc":{"start":{"line":1,"column":41},"end":{"line":72,"column":1}},"line":1},"1":{"name":"(anonymous_1)","decl":{"start":{"line":12,"column":8},"end":{"line":12,"column":9}},"loc":{"start":{"line":12,"column":24},"end":{"line":14,"column":9}},"line":12},"2":{"name":"(anonymous_2)","decl":{"start":{"line":32,"column":8},"end":{"line":32,"column":9}},"loc":{"start":{"line":32,"column":24},"end":{"line":34,"column":9}},"line":32},"3":{"name":"(anonymous_3)","decl":{"start":{"line":38,"column":8},"end":{"line":38,"column":9}},"loc":{"start":{"line":38,"column":24},"end":{"line":40,"column":9}},"line":38}},"branchMap":{"0":{"loc":{"start":{"line":6,"column":4},"end":{"line":9,"column":5}},"type":"if","locations":[{"start":{"line":6,"column":4},"end":{"line":9,"column":5}},{"start":{},"end":{}}],"line":6},"1":{"loc":{"start":{"line":13,"column":20},"end":{"line":13,"column":57}},"type":"binary-expr","locations":[{"start":{"line":13,"column":20},"end":{"line":13,"column":36}},{"start":{"line":13,"column":40},"end":{"line":13,"column":57}}],"line":13},"2":{"loc":{"start":{"line":17,"column":4},"end":{"line":20,"column":5}},"type":"if","locations":[{"start":{"line":17,"column":4},"end":{"line":20,"column":5}},{"start":{},"end":{}}],"line":17},"3":{"loc":{"start":{"line":22,"column":4},"end":{"line":25,"column":5}},"type":"if","locations":[{"start":{"line":22,"column":4},"end":{"line":25,"column":5}},{"start":{},"end":{}}],"line":22},"4":{"loc":{"start":{"line":22,"column":8},"end":{"line":22,"column":49}},"type":"binary-expr","locations":[{"start":{"line":22,"column":8},"end":{"line":22,"column":19}},{"start":{"line":22,"column":23},"end":{"line":22,"column":49}}],"line":22},"5":{"loc":{"start":{"line":45,"column":4},"end":{"line":70,"column":5}},"type":"if","locations":[{"start":{"line":45,"column":4},"end":{"line":70,"column":5}},{"start":{},"end":{}}],"line":45},"6":{"loc":{"start":{"line":54,"column":12},"end":{"line":57,"column":13}},"type":"if","locations":[{"start":{"line":54,"column":12},"end":{"line":57,"column":13}},{"start":{},"end":{}}],"line":54},"7":{"loc":{"start":{"line":54,"column":16},"end":{"line":54,"column":47}},"type":"binary-expr","locations":[{"start":{"line":54,"column":16},"end":{"line":54,"column":30}},{"start":{"line":54,"column":34},"end":{"line":54,"column":47}}],"line":54},"8":{"loc":{"start":{"line":59,"column":12},"end":{"line":63,"column":13}},"type":"if","locations":[{"start":{"line":59,"column":12},"end":{"line":63,"column":13}},{"start":{},"end":{}}],"line":59}},"s":{"0":4,"1":4,"2":1,"3":1,"4":3,"5":6,"6":3,"7":1,"8":1,"9":2,"10":1,"11":1,"12":1,"13":1,"14":3,"15":1,"16":3,"17":1,"18":1,"19":1,"20":1,"21":1,"22":1,"23":1,"24":4,"25":3,"26":3,"27":4,"28":1,"29":1,"30":1,"31":4,"32":4,"33":1,"34":1,"35":1},"f":{"0":4,"1":6,"2":3,"3":3},"b":{"0":[1,3],"1":[6,3],"2":[1,2],"3":[1,1],"4":[2,1],"5":[1,0],"6":[3,1],"7":[4,4],"8":[1,3]},"_coverageSchema":"1a1c01bbd47fc00a2c39e90264f33305004495a9","hash":"1f8190d27c8dfd18f27da65ca5641b76ca4e6b0e"}
}
