TN:
SF:Combustivel.js
FN:1,viagem
FNF:1
FNH:1
FNDA:5,viagem
DA:2,5
DA:4,5
DA:5,1
DA:6,1
DA:9,4
DA:10,1
DA:11,1
DA:15,3
DA:18,3
DA:19,2
DA:20,2
DA:23,1
DA:24,1
DA:25,1
DA:34,1
DA:36,1
LF:16
LH:16
BRDA:4,0,0,1
BRDA:4,0,1,4
BRDA:4,1,0,5
BRDA:4,1,1,2
BRDA:9,2,0,1
BRDA:9,2,1,3
BRDA:9,3,0,4
BRDA:9,3,1,4
BRDA:18,4,0,2
BRDA:18,4,1,1
BRDA:18,5,0,3
BRDA:18,5,1,2
BRDA:23,6,0,1
BRDA:23,6,1,0
BRDA:23,7,0,1
BRDA:23,7,1,1
BRF:16
BRH:15
end_of_record
TN:
SF:Paradas.js
FN:1,calcularParada
FN:12,(anonymous_1)
FN:29,(anonymous_2)
FN:33,(anonymous_3)
FNF:4
FNH:4
FNDA:8,calcularParada
FNDA:14,(anonymous_1)
FNDA:9,(anonymous_2)
FNDA:9,(anonymous_3)
DA:2,8
DA:3,8
DA:7,8
DA:8,1
DA:9,1
DA:12,7
DA:13,14
DA:16,7
DA:17,2
DA:18,2
DA:21,5
DA:22,1
DA:23,1
DA:26,4
DA:29,4
DA:30,9
DA:33,4
DA:34,9
DA:41,4
DA:42,1
DA:43,1
DA:47,3
DA:48,1
DA:49,1
DA:53,2
DA:54,1
DA:55,1
DA:59,1
DA:60,1
DA:61,1
DA:69,1
DA:71,1
LF:32
LH:32
BRDA:7,0,0,1
BRDA:7,0,1,7
BRDA:13,1,0,14
BRDA:13,1,1,8
BRDA:16,2,0,2
BRDA:16,2,1,5
BRDA:21,3,0,1
BRDA:21,3,1,4
BRDA:21,4,0,5
BRDA:21,4,1,5
BRDA:41,5,0,1
BRDA:41,5,1,3
BRDA:41,6,0,4
BRDA:41,6,1,3
BRDA:41,6,2,1
BRDA:47,7,0,1
BRDA:47,7,1,2
BRDA:47,8,0,3
BRDA:47,8,1,3
BRDA:47,8,2,1
BRDA:53,9,0,1
BRDA:53,9,1,1
BRDA:53,10,0,2
BRDA:53,10,1,2
BRDA:53,10,2,2
BRDA:53,10,3,1
BRDA:59,11,0,1
BRDA:59,11,1,0
BRDA:59,12,0,1
BRDA:59,12,1,1
BRDA:59,12,2,1
BRDA:59,12,3,1
BRF:32
BRH:31
end_of_record
TN:
SF:Refeicoes.js
FN:1,refeicoes
FN:12,(anonymous_1)
FN:32,(anonymous_2)
FN:38,(anonymous_3)
FNF:4
FNH:4
FNDA:4,refeicoes
FNDA:6,(anonymous_1)
FNDA:3,(anonymous_2)
FNDA:3,(anonymous_3)
DA:2,4
DA:6,4
DA:7,1
DA:8,1
DA:11,3
DA:13,6
DA:17,3
DA:18,1
DA:19,1
DA:22,2
DA:23,1
DA:24,1
DA:28,1
DA:31,1
DA:33,3
DA:37,1
DA:39,3
DA:45,1
DA:46,1
DA:47,1
DA:48,1
DA:50,1
DA:51,1
DA:52,1
DA:54,4
DA:55,3
DA:56,3
DA:59,4
DA:60,1
DA:61,1
DA:62,1
DA:66,4
DA:67,4
DA:69,1
DA:77,1
DA:79,1
LF:36
LH:36
BRDA:6,0,0,1
BRDA:6,0,1,3
BRDA:13,1,0,6
BRDA:13,1,1,3
BRDA:17,2,0,1
BRDA:17,2,1,2
BRDA:22,3,0,1
BRDA:22,3,1,1
BRDA:22,4,0,2
BRDA:22,4,1,1
BRDA:45,5,0,1
BRDA:45,5,1,0
BRDA:54,6,0,3
BRDA:54,6,1,1
BRDA:54,7,0,4
BRDA:54,7,1,4
BRDA:59,8,0,1
BRDA:59,8,1,3
BRF:18
BRH:17
end_of_record
